<?xml version="1.0" encoding="UTF-8"?>
<testsuite name="testSuit.PruebaSP" tests="1" skipped="0" failures="0" errors="0" timestamp="2022-02-21T20:58:02" hostname="DESKTOP-VGEHE2S" time="3.779">
  <properties/>
  <testcase name="pruebaLogin" classname="testSuit.PruebaSP" time="3.779"/>
  <system-out><![CDATA[]]></system-out>
  <system-err><![CDATA[]]></system-err>
</testsuite>
